<?xml version="1.0" encoding="iso-8859-1"?>
<UseCases xmlns:xsi="http://www.w3.org/2001/XMLSchema-instance"
          xsi:noNamespaceSchemaLocation="../../../../acs/src/_Catalogs/UseCase/usecase.xsd">
    <UseCase Id="ANDROID_JUNIT" Domain="MISC" SubDomain="JUNIT" OS="ANDROID" Status="DONE">
        <ClassName>acs_test_scripts.UseCase.Misc.AndroidJUnit.AndroidJUnit</ClassName>
        <Description>UC that will execute JUnit tests on Android devices</Description>
        <Environment name="ANY">
        </Environment>
    </UseCase>
</UseCases>
